Labs/Lab11 - New Location and Map/app/build/intermediates/manifest_merge_blame_file/debug/manifest-merger-blame-debug-report.txt
1<?xml version="1.0" encoding="utf-8"?>
2<manifest xmlns:android="http://schemas.android.com/apk/res/android"
3    package="com.czaacza.newlocationandmapproject"
4    android:versionCode="1"
5    android:versionName="1.0" >
6
7    <uses-sdk
8        android:minSdkVersion="29"
8-->src/main/AndroidManifest.xml
9        android:targetSdkVersion="32" />
9-->src/main/AndroidManifest.xml
10
11    <uses-permission android:name="android.permission.ACCESS_COARSE_LOCATION" />
11-->src/main/AndroidManifest.xml:6:5-81
11-->src/main/AndroidManifest.xml:6:22-78
12    <uses-permission android:name="android.permission.ACCESS_FINE_LOCATION" />
12-->src/main/AndroidManifest.xml:7:5-79
12-->src/main/AndroidManifest.xml:7:22-76
13
14    <application
14-->src/main/AndroidManifest.xml:9:5-30:19
15        android:allowBackup="true"
15-->src/main/AndroidManifest.xml:10:9-35
16        android:appComponentFactory="androidx.core.app.CoreComponentFactory"
16-->[androidx.core:core:1.7.0] AndroidManifest.xml:24:18-86
17        android:dataExtractionRules="@xml/data_extraction_rules"
17-->src/main/AndroidManifest.xml:11:9-65
18        android:debuggable="true"
19        android:extractNativeLibs="false"
20        android:fullBackupContent="@xml/backup_rules"
20-->src/main/AndroidManifest.xml:12:9-54
21        android:icon="@mipmap/ic_launcher"
21-->src/main/AndroidManifest.xml:13:9-43
22        android:label="@string/app_name"
22-->src/main/AndroidManifest.xml:14:9-41
23        android:roundIcon="@mipmap/ic_launcher_round"
23-->src/main/AndroidManifest.xml:15:9-54
24        android:supportsRtl="true"
24-->src/main/AndroidManifest.xml:16:9-35
25        android:testOnly="true"
26        android:theme="@style/Theme.NewLocationAndMapProject" >
26-->src/main/AndroidManifest.xml:17:9-62
27        <activity
27-->src/main/AndroidManifest.xml:19:9-29:20
28            android:name="com.czaacza.newlocationandmapproject.MainActivity"
28-->src/main/AndroidManifest.xml:20:13-41
29            android:exported="true"
29-->src/main/AndroidManifest.xml:21:13-36
30            android:label="@string/app_name"
30-->src/main/AndroidManifest.xml:22:13-45
31            android:theme="@style/Theme.NewLocationAndMapProject" >
31-->src/main/AndroidManifest.xml:23:13-66
32            <intent-filter>
32-->src/main/AndroidManifest.xml:24:13-28:29
33                <action android:name="android.intent.action.MAIN" />
33-->src/main/AndroidManifest.xml:25:17-69
33-->src/main/AndroidManifest.xml:25:25-66
34
35                <category android:name="android.intent.category.LAUNCHER" />
35-->src/main/AndroidManifest.xml:27:17-77
35-->src/main/AndroidManifest.xml:27:27-74
36            </intent-filter>
37        </activity>
38        <activity
38-->[androidx.compose.ui:ui-tooling:1.1.0-beta01] AndroidManifest.xml:25:9-27:39
39            android:name="androidx.compose.ui.tooling.PreviewActivity"
39-->[androidx.compose.ui:ui-tooling:1.1.0-beta01] AndroidManifest.xml:26:13-71
40            android:exported="true" />
40-->[androidx.compose.ui:ui-tooling:1.1.0-beta01] AndroidManifest.xml:27:13-36
41        <activity
41-->[androidx.compose.ui:ui-test-manifest:1.1.0-beta01] AndroidManifest.xml:25:9-27:39
42            android:name="androidx.activity.ComponentActivity"
42-->[androidx.compose.ui:ui-test-manifest:1.1.0-beta01] AndroidManifest.xml:26:13-63
43            android:exported="true" />
43-->[androidx.compose.ui:ui-test-manifest:1.1.0-beta01] AndroidManifest.xml:27:13-36
44        <activity
44-->[com.google.android.gms:play-services-base:18.0.1] AndroidManifest.xml:20:9-22:45
45            android:name="com.google.android.gms.common.api.GoogleApiActivity"
45-->[com.google.android.gms:play-services-base:18.0.1] AndroidManifest.xml:20:19-85
46            android:exported="false"
46-->[com.google.android.gms:play-services-base:18.0.1] AndroidManifest.xml:22:19-43
47            android:theme="@android:style/Theme.Translucent.NoTitleBar" />
47-->[com.google.android.gms:play-services-base:18.0.1] AndroidManifest.xml:21:19-78
48
49        <meta-data
49-->[com.google.android.gms:play-services-basement:18.0.0] AndroidManifest.xml:21:9-23:69
50            android:name="com.google.android.gms.version"
50-->[com.google.android.gms:play-services-basement:18.0.0] AndroidManifest.xml:22:13-58
51            android:value="@integer/google_play_services_version" />
51-->[com.google.android.gms:play-services-basement:18.0.0] AndroidManifest.xml:23:13-66
52
53        <provider
53-->[androidx.profileinstaller:profileinstaller:1.1.0-beta01] AndroidManifest.xml:26:9-34:20
54            android:name="androidx.startup.InitializationProvider"
54-->[androidx.profileinstaller:profileinstaller:1.1.0-beta01] AndroidManifest.xml:27:13-67
55            android:authorities="com.czaacza.newlocationandmapproject.androidx-startup"
55-->[androidx.profileinstaller:profileinstaller:1.1.0-beta01] AndroidManifest.xml:28:13-68
56            android:exported="false" >
56-->[androidx.profileinstaller:profileinstaller:1.1.0-beta01] AndroidManifest.xml:29:13-37
57            <meta-data
57-->[androidx.profileinstaller:profileinstaller:1.1.0-beta01] AndroidManifest.xml:31:13-33:52
58                android:name="androidx.profileinstaller.ProfileInstallerInitializer"
58-->[androidx.profileinstaller:profileinstaller:1.1.0-beta01] AndroidManifest.xml:32:17-85
59                android:value="androidx.startup" />
59-->[androidx.profileinstaller:profileinstaller:1.1.0-beta01] AndroidManifest.xml:33:17-49
60        </provider>
61
62        <receiver
62-->[androidx.profileinstaller:profileinstaller:1.1.0-beta01] AndroidManifest.xml:36:9-45:20
63            android:name="androidx.profileinstaller.ProfileInstallReceiver"
63-->[androidx.profileinstaller:profileinstaller:1.1.0-beta01] AndroidManifest.xml:37:13-76
64            android:directBootAware="false"
64-->[androidx.profileinstaller:profileinstaller:1.1.0-beta01] AndroidManifest.xml:38:13-44
65            android:enabled="true"
65-->[androidx.profileinstaller:profileinstaller:1.1.0-beta01] AndroidManifest.xml:39:13-35
66            android:exported="true"
66-->[androidx.profileinstaller:profileinstaller:1.1.0-beta01] AndroidManifest.xml:40:13-36
67            android:permission="android.permission.DUMP" >
67-->[androidx.profileinstaller:profileinstaller:1.1.0-beta01] AndroidManifest.xml:41:13-57
68            <intent-filter>
68-->[androidx.profileinstaller:profileinstaller:1.1.0-beta01] AndroidManifest.xml:42:13-44:29
69                <action android:name="androidx.profileinstaller.action.INSTALL_PROFILE" />
69-->[androidx.profileinstaller:profileinstaller:1.1.0-beta01] AndroidManifest.xml:43:17-91
69-->[androidx.profileinstaller:profileinstaller:1.1.0-beta01] AndroidManifest.xml:43:25-88
70            </intent-filter>
71        </receiver>
72    </application>
73
74</manifest>